     1 00000000                                 [FORMAT "WCOFF"]
     2 00000000                                 [INSTRSET "i486p"]
     3 00000000                                 [OPTIMIZE 1]
     4 00000000                                 [OPTION 1]
     5 00000000                                 [BITS 32]
     6 00000000                                 	EXTERN	_sprintf
     7 00000000                                 	EXTERN	_io_hlt
     8 00000000                                 	EXTERN	_io_load_eflags
     9 00000000                                 	EXTERN	_io_cli
    10 00000000                                 	EXTERN	_io_out8
    11 00000000                                 	EXTERN	_io_store_eflags
    12 00000000                                 	EXTERN	_hankaku
    13 00000000                                 [FILE "bootpack.c"]
    14                                          [SECTION .data]
    15 00000000                                 LC0:
    16 00000000 41 42 43 20 31 32 33 00         	DB	"ABC 123",0x00
    17 00000008                                 LC1:
    18 00000008 53 45 4C 46 20 4F 53 2E 00      	DB	"SELF OS.",0x00
    19 00000011                                 LC2:
    20 00000011 61 3D 25 64 00                  	DB	"a=%d",0x00
    21 00000016                                 LC3:
    22 00000016 63 75 72 3A 28 25 64 2C 20 25   	DB	"cur:(%d, %d)",0x00
       00000020 64 29 00 
    23                                          [SECTION .text]
    24 00000000                                 	GLOBAL	_HariMain
    25 00000000                                 _HariMain:
    26 00000000 55                              	PUSH	EBP
    27 00000001 89 E5                           	MOV	EBP,ESP
    28 00000003 57                              	PUSH	EDI
    29 00000004 56                              	PUSH	ESI
    30 00000005 53                              	PUSH	EBX
    31 00000006 8D 5D B4                        	LEA	EBX,DWORD [-76+EBP]
    32 00000009 81 EC 00000144                  	SUB	ESP,324
    33 0000000F E8 000001A8                     	CALL	_init_palette
    34 00000014 0F BF 05 00000FF6               	MOVSX	EAX,WORD [4086]
    35 0000001B 50                              	PUSH	EAX
    36 0000001C 0F BF 05 00000FF4               	MOVSX	EAX,WORD [4084]
    37 00000023 50                              	PUSH	EAX
    38 00000024 FF 35 00000FF8                  	PUSH	DWORD [4088]
    39 0000002A E8 00000279                     	CALL	_init_screen
    40 0000002F 68 [00000000]                   	PUSH	LC0
    41 00000034 6A 07                           	PUSH	7
    42 00000036 6A 08                           	PUSH	8
    43 00000038 6A 08                           	PUSH	8
    44 0000003A 0F BF 05 00000FF4               	MOVSX	EAX,WORD [4084]
    45 00000041 50                              	PUSH	EAX
    46 00000042 FF 35 00000FF8                  	PUSH	DWORD [4088]
    47 00000048 E8 0000046C                     	CALL	_putfonts8_asc
    48 0000004D 83 C4 24                        	ADD	ESP,36
    49 00000050 68 [00000008]                   	PUSH	LC1
    50 00000055 6A 00                           	PUSH	0
    51 00000057 6A 1F                           	PUSH	31
    52 00000059 6A 1F                           	PUSH	31
    53 0000005B 0F BF 05 00000FF4               	MOVSX	EAX,WORD [4084]
    54 00000062 50                              	PUSH	EAX
    55 00000063 FF 35 00000FF8                  	PUSH	DWORD [4088]
    56 00000069 E8 0000044B                     	CALL	_putfonts8_asc
    57 0000006E 68 [00000008]                   	PUSH	LC1
    58 00000073 6A 07                           	PUSH	7
    59 00000075 6A 1E                           	PUSH	30
    60 00000077 6A 1E                           	PUSH	30
    61 00000079 0F BF 05 00000FF4               	MOVSX	EAX,WORD [4084]
    62 00000080 50                              	PUSH	EAX
    63 00000081 FF 35 00000FF8                  	PUSH	DWORD [4088]
    64 00000087 E8 0000042D                     	CALL	_putfonts8_asc
    65 0000008C 83 C4 30                        	ADD	ESP,48
    66 0000008F 6A 7B                           	PUSH	123
    67 00000091 68 [00000011]                   	PUSH	LC2
    68 00000096 53                              	PUSH	EBX
    69 00000097 E8 [00000000]                   	CALL	_sprintf
    70 0000009C 53                              	PUSH	EBX
    71 0000009D 6A 07                           	PUSH	7
    72 0000009F BB 00000002                     	MOV	EBX,2
    73 000000A4 6A 2F                           	PUSH	47
    74 000000A6 6A 08                           	PUSH	8
    75 000000A8 0F BF 05 00000FF4               	MOVSX	EAX,WORD [4084]
    76 000000AF 50                              	PUSH	EAX
    77 000000B0 FF 35 00000FF8                  	PUSH	DWORD [4088]
    78 000000B6 E8 000003FE                     	CALL	_putfonts8_asc
    79 000000BB 83 C4 24                        	ADD	ESP,36
    80 000000BE 0F BF 05 00000FF4               	MOVSX	EAX,WORD [4084]
    81 000000C5 8D 48 F0                        	LEA	ECX,DWORD [-16+EAX]
    82 000000C8 89 C8                           	MOV	EAX,ECX
    83 000000CA 99                              	CDQ
    84 000000CB F7 FB                           	IDIV	EBX
    85 000000CD 89 C6                           	MOV	ESI,EAX
    86 000000CF 0F BF 05 00000FF6               	MOVSX	EAX,WORD [4086]
    87 000000D6 6A 0E                           	PUSH	14
    88 000000D8 8D 48 D4                        	LEA	ECX,DWORD [-44+EAX]
    89 000000DB 89 C8                           	MOV	EAX,ECX
    90 000000DD 99                              	CDQ
    91 000000DE F7 FB                           	IDIV	EBX
    92 000000E0 89 C7                           	MOV	EDI,EAX
    93 000000E2 8D 85 FFFFFEB4                  	LEA	EAX,DWORD [-332+EBP]
    94 000000E8 50                              	PUSH	EAX
    95 000000E9 E8 0000041A                     	CALL	_init_mouse_cursor8
    96 000000EE 58                              	POP	EAX
    97 000000EF 0F BF 05 00000FF4               	MOVSX	EAX,WORD [4084]
    98 000000F6 83 E8 10                        	SUB	EAX,16
    99 000000F9 5A                              	POP	EDX
   100 000000FA 39 C6                           	CMP	ESI,EAX
   101 000000FC 0F 8D 00000086                  	JGE	L25
   102 00000102                                 L20:
   103 00000102 6A 0E                           	PUSH	14
   104 00000104 8D 9D FFFFFEB4                  	LEA	EBX,DWORD [-332+EBP]
   105 0000010A 53                              	PUSH	EBX
   106 0000010B E8 00000455                     	CALL	_erase_lastmourse
   107 00000110 6A 10                           	PUSH	16
   108 00000112 53                              	PUSH	EBX
   109 00000113 57                              	PUSH	EDI
   110 00000114 47                              	INC	EDI
   111 00000115 56                              	PUSH	ESI
   112 00000116 46                              	INC	ESI
   113 00000117 6A 10                           	PUSH	16
   114 00000119 6A 10                           	PUSH	16
   115 0000011B 0F BF 05 00000FF4               	MOVSX	EAX,WORD [4084]
   116 00000122 50                              	PUSH	EAX
   117 00000123 FF 35 00000FF8                  	PUSH	DWORD [4088]
   118 00000129 E8 0000046B                     	CALL	_putblock8_8
   119 0000012E 83 C4 28                        	ADD	ESP,40
   120 00000131 6A 0E                           	PUSH	14
   121 00000133 53                              	PUSH	EBX
   122 00000134 E8 000003CF                     	CALL	_init_mouse_cursor8
   123 00000139 6A 10                           	PUSH	16
   124 0000013B 53                              	PUSH	EBX
   125 0000013C 57                              	PUSH	EDI
   126 0000013D 56                              	PUSH	ESI
   127 0000013E 6A 10                           	PUSH	16
   128 00000140 6A 10                           	PUSH	16
   129 00000142 0F BF 05 00000FF4               	MOVSX	EAX,WORD [4084]
   130 00000149 50                              	PUSH	EAX
   131 0000014A FF 35 00000FF8                  	PUSH	DWORD [4088]
   132 00000150 E8 00000444                     	CALL	_putblock8_8
   133 00000155 83 C4 28                        	ADD	ESP,40
   134 00000158 31 C9                           	XOR	ECX,ECX
   135 0000015A                                 L19:
   136 0000015A 31 D2                           	XOR	EDX,EDX
   137 0000015C                                 L18:
   138 0000015C B8 00000063                     	MOV	EAX,99
   139 00000161                                 L17:
   140 00000161 48                              	DEC	EAX
   141 00000162 79 FD                           	JNS	L17
   142 00000164 42                              	INC	EDX
   143 00000165 81 FA 000003E7                  	CMP	EDX,999
   144 0000016B 7E EF                           	JLE	L18
   145 0000016D 41                              	INC	ECX
   146 0000016E 81 F9 000003E7                  	CMP	ECX,999
   147 00000174 7E E4                           	JLE	L19
   148 00000176 0F BF 05 00000FF4               	MOVSX	EAX,WORD [4084]
   149 0000017D 83 E8 10                        	SUB	EAX,16
   150 00000180 39 C6                           	CMP	ESI,EAX
   151 00000182 0F 8C FFFFFF7A                  	JL	L20
   152 00000188                                 L25:
   153 00000188 57                              	PUSH	EDI
   154 00000189 8D 5D B4                        	LEA	EBX,DWORD [-76+EBP]
   155 0000018C 56                              	PUSH	ESI
   156 0000018D 68 [00000016]                   	PUSH	LC3
   157 00000192 53                              	PUSH	EBX
   158 00000193 E8 [00000000]                   	CALL	_sprintf
   159 00000198 53                              	PUSH	EBX
   160 00000199 6A 07                           	PUSH	7
   161 0000019B 6A 3F                           	PUSH	63
   162 0000019D 6A 08                           	PUSH	8
   163 0000019F 0F BF 05 00000FF4               	MOVSX	EAX,WORD [4084]
   164 000001A6 50                              	PUSH	EAX
   165 000001A7 FF 35 00000FF8                  	PUSH	DWORD [4088]
   166 000001AD E8 00000307                     	CALL	_putfonts8_asc
   167 000001B2 83 C4 28                        	ADD	ESP,40
   168 000001B5                                 L21:
   169 000001B5 E8 [00000000]                   	CALL	_io_hlt
   170 000001BA EB F9                           	JMP	L21
   171                                          [SECTION .data]
   172 00000023                                 _table_rgb.0:
   173 00000023 00                              	DB	0
   174 00000024 00                              	DB	0
   175 00000025 00                              	DB	0
   176 00000026 FF                              	DB	-1
   177 00000027 00                              	DB	0
   178 00000028 00                              	DB	0
   179 00000029 00                              	DB	0
   180 0000002A FF                              	DB	-1
   181 0000002B 00                              	DB	0
   182 0000002C FF                              	DB	-1
   183 0000002D FF                              	DB	-1
   184 0000002E 00                              	DB	0
   185 0000002F 00                              	DB	0
   186 00000030 00                              	DB	0
   187 00000031 FF                              	DB	-1
   188 00000032 FF                              	DB	-1
   189 00000033 00                              	DB	0
   190 00000034 FF                              	DB	-1
   191 00000035 00                              	DB	0
   192 00000036 FF                              	DB	-1
   193 00000037 FF                              	DB	-1
   194 00000038 FF                              	DB	-1
   195 00000039 FF                              	DB	-1
   196 0000003A FF                              	DB	-1
   197 0000003B C6                              	DB	-58
   198 0000003C C6                              	DB	-58
   199 0000003D C6                              	DB	-58
   200 0000003E 84                              	DB	-124
   201 0000003F 00                              	DB	0
   202 00000040 00                              	DB	0
   203 00000041 00                              	DB	0
   204 00000042 84                              	DB	-124
   205 00000043 00                              	DB	0
   206 00000044 84                              	DB	-124
   207 00000045 84                              	DB	-124
   208 00000046 00                              	DB	0
   209 00000047 00                              	DB	0
   210 00000048 00                              	DB	0
   211 00000049 84                              	DB	-124
   212 0000004A 84                              	DB	-124
   213 0000004B 00                              	DB	0
   214 0000004C 84                              	DB	-124
   215 0000004D 00                              	DB	0
   216 0000004E 84                              	DB	-124
   217 0000004F 84                              	DB	-124
   218 00000050 84                              	DB	-124
   219 00000051 84                              	DB	-124
   220 00000052 84                              	DB	-124
   221                                          [SECTION .text]
   222 000001BC                                 	GLOBAL	_init_palette
   223 000001BC                                 _init_palette:
   224 000001BC 55                              	PUSH	EBP
   225 000001BD 89 E5                           	MOV	EBP,ESP
   226 000001BF 68 [00000023]                   	PUSH	_table_rgb.0
   227 000001C4 6A 0F                           	PUSH	15
   228 000001C6 6A 00                           	PUSH	0
   229 000001C8 E8 00000002                     	CALL	_set_palette
   230 000001CD C9                              	LEAVE
   231 000001CE C3                              	RET
   232 000001CF                                 	GLOBAL	_set_palette
   233 000001CF                                 _set_palette:
   234 000001CF 55                              	PUSH	EBP
   235 000001D0 89 E5                           	MOV	EBP,ESP
   236 000001D2 57                              	PUSH	EDI
   237 000001D3 56                              	PUSH	ESI
   238 000001D4 53                              	PUSH	EBX
   239 000001D5 50                              	PUSH	EAX
   240 000001D6 8B 5D 08                        	MOV	EBX,DWORD [8+EBP]
   241 000001D9 8B 7D 0C                        	MOV	EDI,DWORD [12+EBP]
   242 000001DC 8B 75 10                        	MOV	ESI,DWORD [16+EBP]
   243 000001DF E8 [00000000]                   	CALL	_io_load_eflags
   244 000001E4 89 45 F0                        	MOV	DWORD [-16+EBP],EAX
   245 000001E7 E8 [00000000]                   	CALL	_io_cli
   246 000001EC 53                              	PUSH	EBX
   247 000001ED 68 000003C8                     	PUSH	968
   248 000001F2 E8 [00000000]                   	CALL	_io_out8
   249 000001F7 39 FB                           	CMP	EBX,EDI
   250 000001F9 59                              	POP	ECX
   251 000001FA 58                              	POP	EAX
   252 000001FB 7E 12                           	JLE	L38
   253 000001FD                                 L40:
   254 000001FD 8B 45 F0                        	MOV	EAX,DWORD [-16+EBP]
   255 00000200 89 45 08                        	MOV	DWORD [8+EBP],EAX
   256 00000203 8D 65 F4                        	LEA	ESP,DWORD [-12+EBP]
   257 00000206 5B                              	POP	EBX
   258 00000207 5E                              	POP	ESI
   259 00000208 5F                              	POP	EDI
   260 00000209 5D                              	POP	EBP
   261 0000020A E9 [00000000]                   	JMP	_io_store_eflags
   262 0000020F                                 L38:
   263 0000020F 8A 06                           	MOV	AL,BYTE [ESI]
   264 00000211 43                              	INC	EBX
   265 00000212 C0 E8 02                        	SHR	AL,2
   266 00000215 0F B6 C0                        	MOVZX	EAX,AL
   267 00000218 50                              	PUSH	EAX
   268 00000219 68 000003C9                     	PUSH	969
   269 0000021E E8 [00000000]                   	CALL	_io_out8
   270 00000223 8A 46 01                        	MOV	AL,BYTE [1+ESI]
   271 00000226 C0 E8 02                        	SHR	AL,2
   272 00000229 0F B6 C0                        	MOVZX	EAX,AL
   273 0000022C 50                              	PUSH	EAX
   274 0000022D 68 000003C9                     	PUSH	969
   275 00000232 E8 [00000000]                   	CALL	_io_out8
   276 00000237 8A 46 02                        	MOV	AL,BYTE [2+ESI]
   277 0000023A C0 E8 02                        	SHR	AL,2
   278 0000023D 83 C6 03                        	ADD	ESI,3
   279 00000240 0F B6 C0                        	MOVZX	EAX,AL
   280 00000243 50                              	PUSH	EAX
   281 00000244 68 000003C9                     	PUSH	969
   282 00000249 E8 [00000000]                   	CALL	_io_out8
   283 0000024E 83 C4 18                        	ADD	ESP,24
   284 00000251 39 FB                           	CMP	EBX,EDI
   285 00000253 7E BA                           	JLE	L38
   286 00000255 EB A6                           	JMP	L40
   287 00000257                                 	GLOBAL	_boxfill8
   288 00000257                                 _boxfill8:
   289 00000257 55                              	PUSH	EBP
   290 00000258 89 E5                           	MOV	EBP,ESP
   291 0000025A 57                              	PUSH	EDI
   292 0000025B 56                              	PUSH	ESI
   293 0000025C 53                              	PUSH	EBX
   294 0000025D 51                              	PUSH	ECX
   295 0000025E 51                              	PUSH	ECX
   296 0000025F 8A 45 10                        	MOV	AL,BYTE [16+EBP]
   297 00000262 8B 4D 18                        	MOV	ECX,DWORD [24+EBP]
   298 00000265 8B 7D 1C                        	MOV	EDI,DWORD [28+EBP]
   299 00000268 88 45 F3                        	MOV	BYTE [-13+EBP],AL
   300 0000026B 3B 4D 20                        	CMP	ECX,DWORD [32+EBP]
   301 0000026E 7F 31                           	JG	L53
   302 00000270 8B 5D 0C                        	MOV	EBX,DWORD [12+EBP]
   303 00000273 0F AF D9                        	IMUL	EBX,ECX
   304 00000276                                 L51:
   305 00000276 8B 55 14                        	MOV	EDX,DWORD [20+EBP]
   306 00000279 39 FA                           	CMP	EDX,EDI
   307 0000027B 7F 1B                           	JG	L55
   308 0000027D 8B 75 08                        	MOV	ESI,DWORD [8+EBP]
   309 00000280 01 DE                           	ADD	ESI,EBX
   310 00000282 01 D6                           	ADD	ESI,EDX
   311 00000284 89 75 EC                        	MOV	DWORD [-20+EBP],ESI
   312 00000287                                 L50:
   313 00000287 8B 75 EC                        	MOV	ESI,DWORD [-20+EBP]
   314 0000028A 8A 45 F3                        	MOV	AL,BYTE [-13+EBP]
   315 0000028D 42                              	INC	EDX
   316 0000028E 88 06                           	MOV	BYTE [ESI],AL
   317 00000290 46                              	INC	ESI
   318 00000291 89 75 EC                        	MOV	DWORD [-20+EBP],ESI
   319 00000294 39 FA                           	CMP	EDX,EDI
   320 00000296 7E EF                           	JLE	L50
   321 00000298                                 L55:
   322 00000298 41                              	INC	ECX
   323 00000299 03 5D 0C                        	ADD	EBX,DWORD [12+EBP]
   324 0000029C 3B 4D 20                        	CMP	ECX,DWORD [32+EBP]
   325 0000029F 7E D5                           	JLE	L51
   326 000002A1                                 L53:
   327 000002A1 58                              	POP	EAX
   328 000002A2 5A                              	POP	EDX
   329 000002A3 5B                              	POP	EBX
   330 000002A4 5E                              	POP	ESI
   331 000002A5 5F                              	POP	EDI
   332 000002A6 5D                              	POP	EBP
   333 000002A7 C3                              	RET
   334 000002A8                                 	GLOBAL	_init_screen
   335 000002A8                                 _init_screen:
   336 000002A8 55                              	PUSH	EBP
   337 000002A9 89 E5                           	MOV	EBP,ESP
   338 000002AB 57                              	PUSH	EDI
   339 000002AC 56                              	PUSH	ESI
   340 000002AD 53                              	PUSH	EBX
   341 000002AE 83 EC 0C                        	SUB	ESP,12
   342 000002B1 8B 45 10                        	MOV	EAX,DWORD [16+EBP]
   343 000002B4 8B 7D 0C                        	MOV	EDI,DWORD [12+EBP]
   344 000002B7 83 E8 1D                        	SUB	EAX,29
   345 000002BA 4F                              	DEC	EDI
   346 000002BB 50                              	PUSH	EAX
   347 000002BC 57                              	PUSH	EDI
   348 000002BD 6A 00                           	PUSH	0
   349 000002BF 6A 00                           	PUSH	0
   350 000002C1 6A 0E                           	PUSH	14
   351 000002C3 FF 75 0C                        	PUSH	DWORD [12+EBP]
   352 000002C6 FF 75 08                        	PUSH	DWORD [8+EBP]
   353 000002C9 E8 FFFFFF89                     	CALL	_boxfill8
   354 000002CE 8B 45 10                        	MOV	EAX,DWORD [16+EBP]
   355 000002D1 83 E8 1C                        	SUB	EAX,28
   356 000002D4 50                              	PUSH	EAX
   357 000002D5 57                              	PUSH	EDI
   358 000002D6 50                              	PUSH	EAX
   359 000002D7 6A 00                           	PUSH	0
   360 000002D9 6A 08                           	PUSH	8
   361 000002DB FF 75 0C                        	PUSH	DWORD [12+EBP]
   362 000002DE FF 75 08                        	PUSH	DWORD [8+EBP]
   363 000002E1 E8 FFFFFF71                     	CALL	_boxfill8
   364 000002E6 8B 45 10                        	MOV	EAX,DWORD [16+EBP]
   365 000002E9 83 C4 38                        	ADD	ESP,56
   366 000002EC 83 E8 1B                        	SUB	EAX,27
   367 000002EF 50                              	PUSH	EAX
   368 000002F0 57                              	PUSH	EDI
   369 000002F1 50                              	PUSH	EAX
   370 000002F2 6A 00                           	PUSH	0
   371 000002F4 6A 07                           	PUSH	7
   372 000002F6 FF 75 0C                        	PUSH	DWORD [12+EBP]
   373 000002F9 FF 75 08                        	PUSH	DWORD [8+EBP]
   374 000002FC E8 FFFFFF56                     	CALL	_boxfill8
   375 00000301 8B 45 10                        	MOV	EAX,DWORD [16+EBP]
   376 00000304 48                              	DEC	EAX
   377 00000305 50                              	PUSH	EAX
   378 00000306 8B 45 10                        	MOV	EAX,DWORD [16+EBP]
   379 00000309 57                              	PUSH	EDI
   380 0000030A 83 E8 1A                        	SUB	EAX,26
   381 0000030D 50                              	PUSH	EAX
   382 0000030E 6A 00                           	PUSH	0
   383 00000310 6A 08                           	PUSH	8
   384 00000312 FF 75 0C                        	PUSH	DWORD [12+EBP]
   385 00000315 FF 75 08                        	PUSH	DWORD [8+EBP]
   386 00000318 E8 FFFFFF3A                     	CALL	_boxfill8
   387 0000031D 8B 75 10                        	MOV	ESI,DWORD [16+EBP]
   388 00000320 83 C4 38                        	ADD	ESP,56
   389 00000323 83 EE 18                        	SUB	ESI,24
   390 00000326 56                              	PUSH	ESI
   391 00000327 6A 3B                           	PUSH	59
   392 00000329 56                              	PUSH	ESI
   393 0000032A 6A 03                           	PUSH	3
   394 0000032C 6A 07                           	PUSH	7
   395 0000032E FF 75 0C                        	PUSH	DWORD [12+EBP]
   396 00000331 FF 75 08                        	PUSH	DWORD [8+EBP]
   397 00000334 E8 FFFFFF1E                     	CALL	_boxfill8
   398 00000339 8B 45 10                        	MOV	EAX,DWORD [16+EBP]
   399 0000033C 83 E8 04                        	SUB	EAX,4
   400 0000033F 50                              	PUSH	EAX
   401 00000340 89 45 F0                        	MOV	DWORD [-16+EBP],EAX
   402 00000343 6A 02                           	PUSH	2
   403 00000345 56                              	PUSH	ESI
   404 00000346 6A 02                           	PUSH	2
   405 00000348 6A 07                           	PUSH	7
   406 0000034A FF 75 0C                        	PUSH	DWORD [12+EBP]
   407 0000034D FF 75 08                        	PUSH	DWORD [8+EBP]
   408 00000350 E8 FFFFFF02                     	CALL	_boxfill8
   409 00000355 83 C4 38                        	ADD	ESP,56
   410 00000358 FF 75 F0                        	PUSH	DWORD [-16+EBP]
   411 0000035B 6A 3B                           	PUSH	59
   412 0000035D FF 75 F0                        	PUSH	DWORD [-16+EBP]
   413 00000360 6A 03                           	PUSH	3
   414 00000362 6A 0F                           	PUSH	15
   415 00000364 FF 75 0C                        	PUSH	DWORD [12+EBP]
   416 00000367 FF 75 08                        	PUSH	DWORD [8+EBP]
   417 0000036A E8 FFFFFEE8                     	CALL	_boxfill8
   418 0000036F 8B 45 10                        	MOV	EAX,DWORD [16+EBP]
   419 00000372 83 E8 05                        	SUB	EAX,5
   420 00000375 50                              	PUSH	EAX
   421 00000376 8B 45 10                        	MOV	EAX,DWORD [16+EBP]
   422 00000379 6A 3B                           	PUSH	59
   423 0000037B 83 E8 17                        	SUB	EAX,23
   424 0000037E 50                              	PUSH	EAX
   425 0000037F 89 45 EC                        	MOV	DWORD [-20+EBP],EAX
   426 00000382 6A 3B                           	PUSH	59
   427 00000384 6A 0F                           	PUSH	15
   428 00000386 FF 75 0C                        	PUSH	DWORD [12+EBP]
   429 00000389 FF 75 08                        	PUSH	DWORD [8+EBP]
   430 0000038C E8 FFFFFEC6                     	CALL	_boxfill8
   431 00000391 8B 45 10                        	MOV	EAX,DWORD [16+EBP]
   432 00000394 83 C4 38                        	ADD	ESP,56
   433 00000397 83 E8 03                        	SUB	EAX,3
   434 0000039A 89 45 E8                        	MOV	DWORD [-24+EBP],EAX
   435 0000039D 50                              	PUSH	EAX
   436 0000039E 6A 3B                           	PUSH	59
   437 000003A0 50                              	PUSH	EAX
   438 000003A1 6A 02                           	PUSH	2
   439 000003A3 6A 00                           	PUSH	0
   440 000003A5 FF 75 0C                        	PUSH	DWORD [12+EBP]
   441 000003A8 FF 75 08                        	PUSH	DWORD [8+EBP]
   442 000003AB E8 FFFFFEA7                     	CALL	_boxfill8
   443 000003B0 FF 75 E8                        	PUSH	DWORD [-24+EBP]
   444 000003B3 6A 3C                           	PUSH	60
   445 000003B5 56                              	PUSH	ESI
   446 000003B6 6A 3C                           	PUSH	60
   447 000003B8 6A 00                           	PUSH	0
   448 000003BA FF 75 0C                        	PUSH	DWORD [12+EBP]
   449 000003BD FF 75 08                        	PUSH	DWORD [8+EBP]
   450 000003C0 E8 FFFFFE92                     	CALL	_boxfill8
   451 000003C5 8B 7D 0C                        	MOV	EDI,DWORD [12+EBP]
   452 000003C8 83 C4 38                        	ADD	ESP,56
   453 000003CB 8B 5D 0C                        	MOV	EBX,DWORD [12+EBP]
   454 000003CE 83 EB 04                        	SUB	EBX,4
   455 000003D1 83 EF 2F                        	SUB	EDI,47
   456 000003D4 56                              	PUSH	ESI
   457 000003D5 53                              	PUSH	EBX
   458 000003D6 56                              	PUSH	ESI
   459 000003D7 57                              	PUSH	EDI
   460 000003D8 6A 0F                           	PUSH	15
   461 000003DA FF 75 0C                        	PUSH	DWORD [12+EBP]
   462 000003DD FF 75 08                        	PUSH	DWORD [8+EBP]
   463 000003E0 E8 FFFFFE72                     	CALL	_boxfill8
   464 000003E5 FF 75 F0                        	PUSH	DWORD [-16+EBP]
   465 000003E8 57                              	PUSH	EDI
   466 000003E9 FF 75 EC                        	PUSH	DWORD [-20+EBP]
   467 000003EC 57                              	PUSH	EDI
   468 000003ED 6A 0F                           	PUSH	15
   469 000003EF FF 75 0C                        	PUSH	DWORD [12+EBP]
   470 000003F2 FF 75 08                        	PUSH	DWORD [8+EBP]
   471 000003F5 E8 FFFFFE5D                     	CALL	_boxfill8
   472 000003FA 83 C4 38                        	ADD	ESP,56
   473 000003FD FF 75 E8                        	PUSH	DWORD [-24+EBP]
   474 00000400 53                              	PUSH	EBX
   475 00000401 FF 75 E8                        	PUSH	DWORD [-24+EBP]
   476 00000404 57                              	PUSH	EDI
   477 00000405 6A 07                           	PUSH	7
   478 00000407 FF 75 0C                        	PUSH	DWORD [12+EBP]
   479 0000040A FF 75 08                        	PUSH	DWORD [8+EBP]
   480 0000040D E8 FFFFFE45                     	CALL	_boxfill8
   481 00000412 8B 45 0C                        	MOV	EAX,DWORD [12+EBP]
   482 00000415 FF 75 E8                        	PUSH	DWORD [-24+EBP]
   483 00000418 83 E8 03                        	SUB	EAX,3
   484 0000041B 50                              	PUSH	EAX
   485 0000041C 56                              	PUSH	ESI
   486 0000041D 50                              	PUSH	EAX
   487 0000041E 6A 07                           	PUSH	7
   488 00000420 FF 75 0C                        	PUSH	DWORD [12+EBP]
   489 00000423 FF 75 08                        	PUSH	DWORD [8+EBP]
   490 00000426 E8 FFFFFE2C                     	CALL	_boxfill8
   491 0000042B 8D 65 F4                        	LEA	ESP,DWORD [-12+EBP]
   492 0000042E 5B                              	POP	EBX
   493 0000042F 5E                              	POP	ESI
   494 00000430 5F                              	POP	EDI
   495 00000431 5D                              	POP	EBP
   496 00000432 C3                              	RET
   497 00000433                                 	GLOBAL	_putfont8
   498 00000433                                 _putfont8:
   499 00000433 55                              	PUSH	EBP
   500 00000434 89 E5                           	MOV	EBP,ESP
   501 00000436 57                              	PUSH	EDI
   502 00000437 56                              	PUSH	ESI
   503 00000438 31 F6                           	XOR	ESI,ESI
   504 0000043A 53                              	PUSH	EBX
   505 0000043B 8B 7D 1C                        	MOV	EDI,DWORD [28+EBP]
   506 0000043E 8A 5D 18                        	MOV	BL,BYTE [24+EBP]
   507 00000441                                 L70:
   508 00000441 8B 45 14                        	MOV	EAX,DWORD [20+EBP]
   509 00000444 8B 55 10                        	MOV	EDX,DWORD [16+EBP]
   510 00000447 01 F0                           	ADD	EAX,ESI
   511 00000449 0F AF 45 0C                     	IMUL	EAX,DWORD [12+EBP]
   512 0000044D 03 45 08                        	ADD	EAX,DWORD [8+EBP]
   513 00000450 8D 0C 02                        	LEA	ECX,DWORD [EDX+EAX*1]
   514 00000453 8A 14 3E                        	MOV	DL,BYTE [ESI+EDI*1]
   515 00000456 84 D2                           	TEST	DL,DL
   516 00000458 79 02                           	JNS	L62
   517 0000045A 88 19                           	MOV	BYTE [ECX],BL
   518 0000045C                                 L62:
   519 0000045C 88 D0                           	MOV	AL,DL
   520 0000045E 83 E0 40                        	AND	EAX,64
   521 00000461 84 C0                           	TEST	AL,AL
   522 00000463 74 03                           	JE	L63
   523 00000465 88 59 01                        	MOV	BYTE [1+ECX],BL
   524 00000468                                 L63:
   525 00000468 88 D0                           	MOV	AL,DL
   526 0000046A 83 E0 20                        	AND	EAX,32
   527 0000046D 84 C0                           	TEST	AL,AL
   528 0000046F 74 03                           	JE	L64
   529 00000471 88 59 02                        	MOV	BYTE [2+ECX],BL
   530 00000474                                 L64:
   531 00000474 88 D0                           	MOV	AL,DL
   532 00000476 83 E0 10                        	AND	EAX,16
   533 00000479 84 C0                           	TEST	AL,AL
   534 0000047B 74 03                           	JE	L65
   535 0000047D 88 59 03                        	MOV	BYTE [3+ECX],BL
   536 00000480                                 L65:
   537 00000480 88 D0                           	MOV	AL,DL
   538 00000482 83 E0 08                        	AND	EAX,8
   539 00000485 84 C0                           	TEST	AL,AL
   540 00000487 74 03                           	JE	L66
   541 00000489 88 59 04                        	MOV	BYTE [4+ECX],BL
   542 0000048C                                 L66:
   543 0000048C 88 D0                           	MOV	AL,DL
   544 0000048E 83 E0 04                        	AND	EAX,4
   545 00000491 84 C0                           	TEST	AL,AL
   546 00000493 74 03                           	JE	L67
   547 00000495 88 59 05                        	MOV	BYTE [5+ECX],BL
   548 00000498                                 L67:
   549 00000498 88 D0                           	MOV	AL,DL
   550 0000049A 83 E0 02                        	AND	EAX,2
   551 0000049D 84 C0                           	TEST	AL,AL
   552 0000049F 74 03                           	JE	L68
   553 000004A1 88 59 06                        	MOV	BYTE [6+ECX],BL
   554 000004A4                                 L68:
   555 000004A4 83 E2 01                        	AND	EDX,1
   556 000004A7 84 D2                           	TEST	DL,DL
   557 000004A9 74 03                           	JE	L60
   558 000004AB 88 59 07                        	MOV	BYTE [7+ECX],BL
   559 000004AE                                 L60:
   560 000004AE 46                              	INC	ESI
   561 000004AF 83 FE 0F                        	CMP	ESI,15
   562 000004B2 7E 8D                           	JLE	L70
   563 000004B4 5B                              	POP	EBX
   564 000004B5 5E                              	POP	ESI
   565 000004B6 5F                              	POP	EDI
   566 000004B7 5D                              	POP	EBP
   567 000004B8 C3                              	RET
   568 000004B9                                 	GLOBAL	_putfonts8_asc
   569 000004B9                                 _putfonts8_asc:
   570 000004B9 55                              	PUSH	EBP
   571 000004BA 89 E5                           	MOV	EBP,ESP
   572 000004BC 57                              	PUSH	EDI
   573 000004BD 56                              	PUSH	ESI
   574 000004BE 53                              	PUSH	EBX
   575 000004BF 53                              	PUSH	EBX
   576 000004C0 8B 5D 1C                        	MOV	EBX,DWORD [28+EBP]
   577 000004C3 8A 45 18                        	MOV	AL,BYTE [24+EBP]
   578 000004C6 88 45 F3                        	MOV	BYTE [-13+EBP],AL
   579 000004C9 8B 75 10                        	MOV	ESI,DWORD [16+EBP]
   580 000004CC 8B 7D 14                        	MOV	EDI,DWORD [20+EBP]
   581 000004CF 80 3B 00                        	CMP	BYTE [EBX],0
   582 000004D2 75 08                           	JNE	L78
   583 000004D4                                 L80:
   584 000004D4 8D 65 F4                        	LEA	ESP,DWORD [-12+EBP]
   585 000004D7 5B                              	POP	EBX
   586 000004D8 5E                              	POP	ESI
   587 000004D9 5F                              	POP	EDI
   588 000004DA 5D                              	POP	EBP
   589 000004DB C3                              	RET
   590 000004DC                                 L78:
   591 000004DC 0F B6 03                        	MOVZX	EAX,BYTE [EBX]
   592 000004DF C1 E0 04                        	SAL	EAX,4
   593 000004E2 43                              	INC	EBX
   594 000004E3 05 [00000000]                   	ADD	EAX,_hankaku
   595 000004E8 50                              	PUSH	EAX
   596 000004E9 0F BE 45 F3                     	MOVSX	EAX,BYTE [-13+EBP]
   597 000004ED 50                              	PUSH	EAX
   598 000004EE 57                              	PUSH	EDI
   599 000004EF 56                              	PUSH	ESI
   600 000004F0 83 C6 08                        	ADD	ESI,8
   601 000004F3 FF 75 0C                        	PUSH	DWORD [12+EBP]
   602 000004F6 FF 75 08                        	PUSH	DWORD [8+EBP]
   603 000004F9 E8 FFFFFF35                     	CALL	_putfont8
   604 000004FE 83 C4 18                        	ADD	ESP,24
   605 00000501 80 3B 00                        	CMP	BYTE [EBX],0
   606 00000504 75 D6                           	JNE	L78
   607 00000506 EB CC                           	JMP	L80
   608                                          [SECTION .data]
   609 00000053                                 _cursor.1:
   610 00000053 2A 2A 2A 2A 2A 2A 2A 2A 2A 2A   	DB	"**************.."
       0000005D 2A 2A 2A 2A 2E 2E 
   611 00000063 2A 4F 4F 4F 4F 4F 4F 4F 4F 4F   	DB	"*OOOOOOOOOOO*..."
       0000006D 4F 4F 2A 2E 2E 2E 
   612 00000073 2A 4F 4F 4F 4F 4F 4F 4F 4F 4F   	DB	"*OOOOOOOOOO*...."
       0000007D 4F 2A 2E 2E 2E 2E 
   613 00000083 2A 4F 4F 4F 4F 4F 4F 4F 4F 4F   	DB	"*OOOOOOOOO*....."
       0000008D 2A 2E 2E 2E 2E 2E 
   614 00000093 2A 4F 4F 4F 4F 4F 4F 4F 4F 2A   	DB	"*OOOOOOOO*......"
       0000009D 2E 2E 2E 2E 2E 2E 
   615 000000A3 2A 4F 4F 4F 4F 4F 4F 4F 2A 2E   	DB	"*OOOOOOO*......."
       000000AD 2E 2E 2E 2E 2E 2E 
   616 000000B3 2A 4F 4F 4F 4F 4F 4F 4F 2A 2E   	DB	"*OOOOOOO*......."
       000000BD 2E 2E 2E 2E 2E 2E 
   617 000000C3 2A 4F 4F 4F 4F 4F 4F 4F 4F 2A   	DB	"*OOOOOOOO*......"
       000000CD 2E 2E 2E 2E 2E 2E 
   618 000000D3 2A 4F 4F 4F 4F 2A 2A 4F 4F 4F   	DB	"*OOOO**OOO*....."
       000000DD 2A 2E 2E 2E 2E 2E 
   619 000000E3 2A 4F 4F 4F 2A 2E 2E 2A 4F 4F   	DB	"*OOO*..*OOO*...."
       000000ED 4F 2A 2E 2E 2E 2E 
   620 000000F3 2A 4F 4F 2A 2E 2E 2E 2E 2A 4F   	DB	"*OO*....*OOO*..."
       000000FD 4F 4F 2A 2E 2E 2E 
   621 00000103 2A 4F 2A 2E 2E 2E 2E 2E 2E 2A   	DB	"*O*......*OOO*.."
       0000010D 4F 4F 4F 2A 2E 2E 
   622 00000113 2A 2A 2E 2E 2E 2E 2E 2E 2E 2E   	DB	"**........*OOO*."
       0000011D 2A 4F 4F 4F 2A 2E 
   623 00000123 2A 2E 2E 2E 2E 2E 2E 2E 2E 2E   	DB	"*..........*OOO*"
       0000012D 2E 2A 4F 4F 4F 2A 
   624 00000133 2E 2E 2E 2E 2E 2E 2E 2E 2E 2E   	DB	"............*OO*"
       0000013D 2E 2E 2A 4F 4F 2A 
   625 00000143 2E 2E 2E 2E 2E 2E 2E 2E 2E 2E   	DB	".............***"
       0000014D 2E 2E 2E 2A 2A 2A 
   626                                          [SECTION .text]
   627 00000508                                 	GLOBAL	_init_mouse_cursor8
   628 00000508                                 _init_mouse_cursor8:
   629 00000508 55                              	PUSH	EBP
   630 00000509 89 E5                           	MOV	EBP,ESP
   631 0000050B 57                              	PUSH	EDI
   632 0000050C 56                              	PUSH	ESI
   633 0000050D 53                              	PUSH	EBX
   634 0000050E 31 DB                           	XOR	EBX,EBX
   635 00000510 57                              	PUSH	EDI
   636 00000511 31 FF                           	XOR	EDI,EDI
   637 00000513 8A 45 0C                        	MOV	AL,BYTE [12+EBP]
   638 00000516 8B 75 08                        	MOV	ESI,DWORD [8+EBP]
   639 00000519 88 45 F3                        	MOV	BYTE [-13+EBP],AL
   640 0000051C                                 L94:
   641 0000051C 31 D2                           	XOR	EDX,EDX
   642 0000051E                                 L93:
   643 0000051E 8D 04 3A                        	LEA	EAX,DWORD [EDX+EDI*1]
   644 00000521 80 B8 [00000053] 2A             	CMP	BYTE [_cursor.1+EAX],42
   645 00000528 74 35                           	JE	L99
   646 0000052A                                 L90:
   647 0000052A 80 B8 [00000053] 4F             	CMP	BYTE [_cursor.1+EAX],79
   648 00000531 74 26                           	JE	L100
   649 00000533                                 L91:
   650 00000533 80 B8 [00000053] 2E             	CMP	BYTE [_cursor.1+EAX],46
   651 0000053A 74 15                           	JE	L101
   652 0000053C                                 L88:
   653 0000053C 42                              	INC	EDX
   654 0000053D 83 FA 0F                        	CMP	EDX,15
   655 00000540 7E DC                           	JLE	L93
   656 00000542 43                              	INC	EBX
   657 00000543 83 C7 10                        	ADD	EDI,16
   658 00000546 83 FB 0F                        	CMP	EBX,15
   659 00000549 7E D1                           	JLE	L94
   660 0000054B 5E                              	POP	ESI
   661 0000054C 5B                              	POP	EBX
   662 0000054D 5E                              	POP	ESI
   663 0000054E 5F                              	POP	EDI
   664 0000054F 5D                              	POP	EBP
   665 00000550 C3                              	RET
   666 00000551                                 L101:
   667 00000551 8A 4D F3                        	MOV	CL,BYTE [-13+EBP]
   668 00000554 88 0C 30                        	MOV	BYTE [EAX+ESI*1],CL
   669 00000557 EB E3                           	JMP	L88
   670 00000559                                 L100:
   671 00000559 C6 04 30 07                     	MOV	BYTE [EAX+ESI*1],7
   672 0000055D EB D4                           	JMP	L91
   673 0000055F                                 L99:
   674 0000055F C6 04 30 00                     	MOV	BYTE [EAX+ESI*1],0
   675 00000563 EB C5                           	JMP	L90
   676 00000565                                 	GLOBAL	_erase_lastmourse
   677 00000565                                 _erase_lastmourse:
   678 00000565 55                              	PUSH	EBP
   679 00000566 31 C9                           	XOR	ECX,ECX
   680 00000568 89 E5                           	MOV	EBP,ESP
   681 0000056A 57                              	PUSH	EDI
   682 0000056B 56                              	PUSH	ESI
   683 0000056C 53                              	PUSH	EBX
   684 0000056D 31 DB                           	XOR	EBX,EBX
   685 0000056F 50                              	PUSH	EAX
   686 00000570 8A 45 0C                        	MOV	AL,BYTE [12+EBP]
   687 00000573 8B 75 08                        	MOV	ESI,DWORD [8+EBP]
   688 00000576 88 45 F3                        	MOV	BYTE [-13+EBP],AL
   689 00000579                                 L112:
   690 00000579 31 D2                           	XOR	EDX,EDX
   691 0000057B 8D 3C 0E                        	LEA	EDI,DWORD [ESI+ECX*1]
   692 0000057E                                 L111:
   693 0000057E 8A 45 F3                        	MOV	AL,BYTE [-13+EBP]
   694 00000581 42                              	INC	EDX
   695 00000582 88 07                           	MOV	BYTE [EDI],AL
   696 00000584 47                              	INC	EDI
   697 00000585 83 FA 0F                        	CMP	EDX,15
   698 00000588 7E F4                           	JLE	L111
   699 0000058A 43                              	INC	EBX
   700 0000058B 83 C1 10                        	ADD	ECX,16
   701 0000058E 83 FB 0F                        	CMP	EBX,15
   702 00000591 7E E6                           	JLE	L112
   703 00000593 58                              	POP	EAX
   704 00000594 5B                              	POP	EBX
   705 00000595 5E                              	POP	ESI
   706 00000596 5F                              	POP	EDI
   707 00000597 5D                              	POP	EBP
   708 00000598 C3                              	RET
   709 00000599                                 	GLOBAL	_putblock8_8
   710 00000599                                 _putblock8_8:
   711 00000599 55                              	PUSH	EBP
   712 0000059A 89 E5                           	MOV	EBP,ESP
   713 0000059C 57                              	PUSH	EDI
   714 0000059D 56                              	PUSH	ESI
   715 0000059E 31 F6                           	XOR	ESI,ESI
   716 000005A0 53                              	PUSH	EBX
   717 000005A1 50                              	PUSH	EAX
   718 000005A2 3B 75 10                        	CMP	ESI,DWORD [16+EBP]
   719 000005A5 7D 33                           	JGE	L129
   720 000005A7                                 L127:
   721 000005A7 31 DB                           	XOR	EBX,EBX
   722 000005A9 3B 5D 14                        	CMP	EBX,DWORD [20+EBP]
   723 000005AC 7D 26                           	JGE	L131
   724 000005AE 8B 4D 20                        	MOV	ECX,DWORD [32+EBP]
   725 000005B1 01 F1                           	ADD	ECX,ESI
   726 000005B3                                 L126:
   727 000005B3 8B 45 1C                        	MOV	EAX,DWORD [28+EBP]
   728 000005B6 8B 55 18                        	MOV	EDX,DWORD [24+EBP]
   729 000005B9 01 D8                           	ADD	EAX,EBX
   730 000005BB 01 F2                           	ADD	EDX,ESI
   731 000005BD 0F AF 45 0C                     	IMUL	EAX,DWORD [12+EBP]
   732 000005C1 8B 7D 08                        	MOV	EDI,DWORD [8+EBP]
   733 000005C4 01 D0                           	ADD	EAX,EDX
   734 000005C6 8A 11                           	MOV	DL,BYTE [ECX]
   735 000005C8 43                              	INC	EBX
   736 000005C9 88 14 38                        	MOV	BYTE [EAX+EDI*1],DL
   737 000005CC 03 4D 24                        	ADD	ECX,DWORD [36+EBP]
   738 000005CF 3B 5D 14                        	CMP	EBX,DWORD [20+EBP]
   739 000005D2 7C DF                           	JL	L126
   740 000005D4                                 L131:
   741 000005D4 46                              	INC	ESI
   742 000005D5 3B 75 10                        	CMP	ESI,DWORD [16+EBP]
   743 000005D8 7C CD                           	JL	L127
   744 000005DA                                 L129:
   745 000005DA 58                              	POP	EAX
   746 000005DB 5B                              	POP	EBX
   747 000005DC 5E                              	POP	ESI
   748 000005DD 5F                              	POP	EDI
   749 000005DE 5D                              	POP	EBP
   750 000005DF C3                              	RET
